<?xml version="1.0" encoding="UTF-8"?>
<!-- Generated by org.testng.reporters.JUnitXMLReporter -->
<testsuite ignored="0" hostname="LIN-CF553F3" failures="0" tests="5" name="Surefire test" time="26.777" errors="0" timestamp="2024-03-22T10:43:29 IST">
  <testcase classname="NewTest" name="f" time="10.061"/>
  <testcase classname="NewTest" name="f" time="3.951"/>
  <testcase classname="NewTest" name="f" time="3.725"/>
  <testcase classname="NewTest" name="f" time="3.764"/>
  <testcase classname="NewTest" name="f" time="5.218"/>
</testsuite> <!-- Surefire test -->
