<?xml version="1.0" encoding="UTF-8"?>
<testng-results ignored="0" total="5" passed="5" failed="0" skipped="0">
  <reporter-output>
  </reporter-output>
  <suite started-at="2024-03-22T10:43:02 IST" name="Surefire suite" finished-at="2024-03-22T10:43:29 IST" duration-ms="26777">
    <groups>
    </groups>
    <test started-at="2024-03-22T10:43:02 IST" name="Surefire test" finished-at="2024-03-22T10:43:29 IST" duration-ms="26777">
      <class name="NewTest">
        <test-method signature="f(java.lang.String,java.lang.String)[pri:0, instance:NewTest@7f1302d6]" started-at="2024-03-22T10:43:02 IST" name="f" data-provider="testdata" finished-at="2024-03-22T10:43:12 IST" duration-ms="10061" status="PASS">
          <params>
            <param index="0">
              <value>
                <![CDATA[vasuvespag]]>
              </value>
            </param>
            <param index="1">
              <value>
                <![CDATA[vasu1234]]>
              </value>
            </param>
          </params>
          <reporter-output>
          </reporter-output>
        </test-method> <!-- f -->
        <test-method signature="f(java.lang.String,java.lang.String)[pri:0, instance:NewTest@7f1302d6]" started-at="2024-03-22T10:43:12 IST" name="f" data-provider="testdata" finished-at="2024-03-22T10:43:16 IST" duration-ms="3951" status="PASS">
          <params>
            <param index="0">
              <value>
                <![CDATA[Sriyaseth]]>
              </value>
            </param>
            <param index="1">
              <value>
                <![CDATA[Sriya@86]]>
              </value>
            </param>
          </params>
          <reporter-output>
          </reporter-output>
        </test-method> <!-- f -->
        <test-method signature="f(java.lang.String,java.lang.String)[pri:0, instance:NewTest@7f1302d6]" started-at="2024-03-22T10:43:16 IST" name="f" data-provider="testdata" finished-at="2024-03-22T10:43:20 IST" duration-ms="3725" status="PASS">
          <params>
            <param index="0">
              <value>
                <![CDATA[Varsharaj]]>
              </value>
            </param>
            <param index="1">
              <value>
                <![CDATA[Varsharaj]]>
              </value>
            </param>
          </params>
          <reporter-output>
          </reporter-output>
        </test-method> <!-- f -->
        <test-method signature="f(java.lang.String,java.lang.String)[pri:0, instance:NewTest@7f1302d6]" started-at="2024-03-22T10:43:20 IST" name="f" data-provider="testdata" finished-at="2024-03-22T10:43:24 IST" duration-ms="3764" status="PASS">
          <params>
            <param index="0">
              <value>
                <![CDATA[jastisrija]]>
              </value>
            </param>
            <param index="1">
              <value>
                <![CDATA[oY38Rv]]>
              </value>
            </param>
          </params>
          <reporter-output>
          </reporter-output>
        </test-method> <!-- f -->
        <test-method signature="f(java.lang.String,java.lang.String)[pri:0, instance:NewTest@7f1302d6]" started-at="2024-03-22T10:43:24 IST" name="f" data-provider="testdata" finished-at="2024-03-22T10:43:29 IST" duration-ms="5218" status="PASS">
          <params>
            <param index="0">
              <value>
                <![CDATA[chaithuuu]]>
              </value>
            </param>
            <param index="1">
              <value>
                <![CDATA[12309876]]>
              </value>
            </param>
          </params>
          <reporter-output>
          </reporter-output>
        </test-method> <!-- f -->
      </class> <!-- NewTest -->
    </test> <!-- Surefire test -->
  </suite> <!-- Surefire suite -->
</testng-results>
